--- adb starting (pid 5393) ---
adb I 06-06 18:01:41  5393  5393 main.cpp:57] Android Debug Bridge version 1.0.39
adb I 06-06 18:01:41  5393  5393 main.cpp:57] Version 0.0.1-4500957
adb I 06-06 18:01:41  5393  5393 main.cpp:57] Installed as /opt/Android/Sdk/platform-tools/adb
adb I 06-06 18:01:41  5393  5393 main.cpp:57] 
adb I 06-06 18:01:41  5393  5393 adb_auth_host.cpp:416] adb_auth_init...
adb I 06-06 18:01:41  5393  5393 adb_auth_host.cpp:174] read_key_file '/home/alberto/.android/adbkey'...
adb I 06-06 18:01:41  5393  5393 adb_auth_host.cpp:391] adb_auth_inotify_init...
adb I 06-06 18:01:41  5393  5393 adb_auth_host.cpp:467] Calling send_auth_response
adb E 06-06 18:07:20  5393  5399 transport_usb.cpp:160] remote usb: 1 - write terminated: Invalid argument
adb I 06-06 18:07:27  5393  5393 adb_auth_host.cpp:467] Calling send_auth_response
adb I 06-06 18:09:19  5393  5393 adb_auth_host.cpp:467] Calling send_auth_response
adb E 06-06 18:10:12  5393  6610 transport_usb.cpp:160] remote usb: 1 - write terminated: Invalid argument
adb I 06-06 18:10:13  5393  5393 adb_auth_host.cpp:467] Calling send_auth_response
adb I 06-06 18:10:20  5393  5393 adb_auth_host.cpp:467] Calling send_auth_response
adb I 06-06 18:10:37  5393  5393 adb_auth_host.cpp:467] Calling send_auth_response
adb I 06-06 18:10:40  5393  5393 adb_auth_host.cpp:467] Calling send_auth_response
adb I 06-06 18:10:41  5393  5393 adb_auth_host.cpp:467] Calling send_auth_response
adb I 06-06 18:10:44  5393  5393 adb_auth_host.cpp:467] Calling send_auth_response
adb E 06-06 18:12:45  5393  7079 transport_usb.cpp:160] remote usb: 1 - write terminated: Invalid argument
adb I 06-06 18:12:45  5393  5393 adb_auth_host.cpp:467] Calling send_auth_response
adb I 06-06 18:12:46  5393  5393 adb_auth_host.cpp:467] Calling send_auth_response
adb E 06-06 18:13:45  5393  7294 transport_usb.cpp:160] remote usb: 1 - write terminated: Invalid argument
adb I 06-06 18:13:45  5393  5393 adb_auth_host.cpp:467] Calling send_auth_response
adb I 06-06 18:15:46  5393  5393 adb_auth_host.cpp:467] Calling send_auth_response
adb I 06-06 18:15:56  5393  5393 adb_auth_host.cpp:467] Calling send_auth_response
adb I 06-06 18:16:14  5393  5393 adb_auth_host.cpp:467] Calling send_auth_response
adb E 06-06 18:20:04  5393  7993 transport_usb.cpp:160] remote usb: 1 - write terminated: Invalid argument
adb I 06-06 18:20:04  5393  5393 adb_auth_host.cpp:467] Calling send_auth_response
adb E 06-06 18:31:57  5393  8386 transport_usb.cpp:160] remote usb: 1 - write terminated: Invalid argument
adb I 06-06 18:32:00  5393  5393 adb_auth_host.cpp:467] Calling send_auth_response
adb I 06-06 18:32:15  5393  5393 adb_auth_host.cpp:467] Calling send_auth_response
adb I 06-06 18:32:27  5393  5393 adb_auth_host.cpp:467] Calling send_auth_response
adb I 06-06 18:32:31  5393  5393 adb_auth_host.cpp:467] Calling send_auth_response
adb I 06-06 18:32:46  5393  5393 adb_auth_host.cpp:467] Calling send_auth_response
adb I 06-06 18:33:02  5393  5393 adb_auth_host.cpp:467] Calling send_auth_response
adb I 06-06 18:33:13  5393  5393 adb_auth_host.cpp:467] Calling send_auth_response
adb I 06-06 18:33:29  5393  5393 adb_auth_host.cpp:467] Calling send_auth_response
adb E 06-06 18:34:49  5393 10296 transport_usb.cpp:160] remote usb: 1 - write terminated: Invalid argument
adb I 06-06 18:34:51  5393  5393 adb_auth_host.cpp:467] Calling send_auth_response
adb I 06-06 18:35:17  5393  5393 adb_auth_host.cpp:467] Calling send_auth_response
adb E 06-06 18:38:20  5393 10663 transport_usb.cpp:160] remote usb: 1 - write terminated: Invalid argument
adb I 06-06 18:38:20  5393  5393 adb_auth_host.cpp:467] Calling send_auth_response
adb E 06-06 18:43:14  5393 11072 transport_usb.cpp:160] remote usb: 1 - write terminated: Invalid argument
adb I 06-06 18:43:16  5393  5393 adb_auth_host.cpp:467] Calling send_auth_response
adb I 06-06 18:47:32  5393  5393 adb_auth_host.cpp:467] Calling send_auth_response
adb E 06-06 18:51:26  5393 11820 transport_usb.cpp:160] remote usb: 1 - write terminated: Invalid argument
adb I 06-06 18:51:29  5393  5393 adb_auth_host.cpp:467] Calling send_auth_response
adb I 06-06 18:52:27  5393  5393 adb_auth_host.cpp:467] Calling send_auth_response
adb I 06-06 19:09:49  5393  5393 adb_auth_host.cpp:467] Calling send_auth_response
adb I 06-06 19:13:26  5393  5393 adb_auth_host.cpp:467] Calling send_auth_response
adb I 06-06 19:16:01  5393  5393 adb_auth_host.cpp:467] Calling send_auth_response
adb I 06-06 19:19:58  5393  5393 adb_auth_host.cpp:467] Calling send_auth_response
adb I 06-06 19:20:20  5393  5393 adb_auth_host.cpp:467] Calling send_auth_response
adb I 06-06 19:37:55  5393  5393 adb_auth_host.cpp:467] Calling send_auth_response
adb I 06-06 19:37:58  5393  5393 adb_auth_host.cpp:467] Calling send_auth_response
adb I 06-06 19:39:37  5393  5393 adb_auth_host.cpp:467] Calling send_auth_response
adb I 06-06 19:41:15  5393  5393 adb_auth_host.cpp:467] Calling send_auth_response
adb E 06-06 20:08:42  5393 16879 transport_usb.cpp:160] remote usb: 1 - write terminated: Invalid argument
adb I 06-06 20:08:43  5393  5393 adb_auth_host.cpp:467] Calling send_auth_response
adb I 06-06 20:09:01  5393  5393 adb_auth_host.cpp:467] Calling send_auth_response
adb E 06-06 20:30:01  5393  5393 services.cpp:278] failed to connect to socket 'tcp:19001': Connection refused
adb E 06-06 20:30:02  5393  5393 services.cpp:278] failed to connect to socket 'tcp:19001': Connection refused
adb E 06-06 20:30:02  5393  5393 services.cpp:278] failed to connect to socket 'tcp:19001': Connection refused
adb E 06-06 20:30:04  5393  5393 services.cpp:278] failed to connect to socket 'tcp:19001': Connection refused
adb E 06-06 20:30:04  5393  5393 services.cpp:278] failed to connect to socket 'tcp:19001': Connection refused
adb E 06-06 20:30:06  5393  5393 services.cpp:278] failed to connect to socket 'tcp:19001': Connection refused
adb E 06-06 20:30:06  5393  5393 services.cpp:278] failed to connect to socket 'tcp:19001': Connection refused
adb E 06-06 20:30:06  5393  5393 services.cpp:278] failed to connect to socket 'tcp:19001': Connection refused
adb E 06-06 20:30:08  5393  5393 services.cpp:278] failed to connect to socket 'tcp:19001': Connection refused
adb E 06-06 20:30:08  5393  5393 services.cpp:278] failed to connect to socket 'tcp:19001': Connection refused
adb E 06-06 20:30:10  5393  5393 services.cpp:278] failed to connect to socket 'tcp:19001': Connection refused
adb E 06-06 20:30:10  5393  5393 services.cpp:278] failed to connect to socket 'tcp:19001': Connection refused
adb E 06-06 20:30:11  5393  5393 services.cpp:278] failed to connect to socket 'tcp:19001': Connection refused
adb E 06-06 20:30:12  5393  5393 services.cpp:278] failed to connect to socket 'tcp:19001': Connection refused
adb E 06-06 20:30:12  5393  5393 services.cpp:278] failed to connect to socket 'tcp:19001': Connection refused
adb E 06-06 20:30:14  5393  5393 services.cpp:278] failed to connect to socket 'tcp:19001': Connection refused
adb E 06-06 20:30:14  5393  5393 services.cpp:278] failed to connect to socket 'tcp:19001': Connection refused
adb E 06-06 20:30:16  5393  5393 services.cpp:278] failed to connect to socket 'tcp:19001': Connection refused
adb E 06-06 20:30:16  5393  5393 services.cpp:278] failed to connect to socket 'tcp:19001': Connection refused
adb E 06-06 20:30:16  5393  5393 services.cpp:278] failed to connect to socket 'tcp:19001': Connection refused
adb E 06-06 20:30:18  5393  5393 services.cpp:278] failed to connect to socket 'tcp:19001': Connection refused
adb E 06-06 20:30:18  5393  5393 services.cpp:278] failed to connect to socket 'tcp:19001': Connection refused
adb E 06-06 20:30:20  5393  5393 services.cpp:278] failed to connect to socket 'tcp:19001': Connection refused
adb E 06-06 20:30:20  5393  5393 services.cpp:278] failed to connect to socket 'tcp:19001': Connection refused
adb E 06-06 20:30:21  5393  5393 services.cpp:278] failed to connect to socket 'tcp:19001': Connection refused
adb E 06-06 20:30:22  5393  5393 services.cpp:278] failed to connect to socket 'tcp:19001': Connection refused
adb E 06-06 20:30:22  5393  5393 services.cpp:278] failed to connect to socket 'tcp:19001': Connection refused
adb E 06-06 20:30:24  5393  5393 services.cpp:278] failed to connect to socket 'tcp:19001': Connection refused
adb E 06-06 20:30:24  5393  5393 services.cpp:278] failed to connect to socket 'tcp:19001': Connection refused
adb E 06-06 20:30:26  5393  5393 services.cpp:278] failed to connect to socket 'tcp:19001': Connection refused
adb E 06-06 20:30:26  5393  5393 services.cpp:278] failed to connect to socket 'tcp:19001': Connection refused
adb E 06-06 20:30:26  5393  5393 services.cpp:278] failed to connect to socket 'tcp:19001': Connection refused
adb E 06-06 20:30:28  5393  5393 services.cpp:278] failed to connect to socket 'tcp:19001': Connection refused
adb E 06-06 20:30:28  5393  5393 services.cpp:278] failed to connect to socket 'tcp:19001': Connection refused
adb E 06-06 20:30:30  5393  5393 services.cpp:278] failed to connect to socket 'tcp:19001': Connection refused
adb E 06-06 20:30:30  5393  5393 services.cpp:278] failed to connect to socket 'tcp:19001': Connection refused
adb E 06-06 20:30:31  5393  5393 services.cpp:278] failed to connect to socket 'tcp:19001': Connection refused
adb E 06-06 20:30:32  5393  5393 services.cpp:278] failed to connect to socket 'tcp:19001': Connection refused
adb E 06-06 20:30:32  5393  5393 services.cpp:278] failed to connect to socket 'tcp:19001': Connection refused
adb E 06-06 20:30:34  5393  5393 services.cpp:278] failed to connect to socket 'tcp:19001': Connection refused
adb E 06-06 20:30:34  5393  5393 services.cpp:278] failed to connect to socket 'tcp:19001': Connection refused
adb E 06-06 20:30:36  5393  5393 services.cpp:278] failed to connect to socket 'tcp:19001': Connection refused
adb E 06-06 20:30:36  5393  5393 services.cpp:278] failed to connect to socket 'tcp:19001': Connection refused
adb E 06-06 20:30:36  5393  5393 services.cpp:278] failed to connect to socket 'tcp:19001': Connection refused
adb E 06-06 20:30:38  5393  5393 services.cpp:278] failed to connect to socket 'tcp:19001': Connection refused
adb E 06-06 20:30:38  5393  5393 services.cpp:278] failed to connect to socket 'tcp:19001': Connection refused
adb E 06-06 20:30:40  5393  5393 services.cpp:278] failed to connect to socket 'tcp:19001': Connection refused
adb E 06-06 20:30:40  5393  5393 services.cpp:278] failed to connect to socket 'tcp:19001': Connection refused
adb E 06-06 20:30:41  5393  5393 services.cpp:278] failed to connect to socket 'tcp:19001': Connection refused
adb E 06-06 20:30:42  5393  5393 services.cpp:278] failed to connect to socket 'tcp:19001': Connection refused
adb E 06-06 20:30:42  5393  5393 services.cpp:278] failed to connect to socket 'tcp:19001': Connection refused
adb E 06-06 20:30:44  5393  5393 services.cpp:278] failed to connect to socket 'tcp:19001': Connection refused
adb E 06-06 20:30:44  5393  5393 services.cpp:278] failed to connect to socket 'tcp:19001': Connection refused
adb E 06-06 20:30:46  5393  5393 services.cpp:278] failed to connect to socket 'tcp:19001': Connection refused
adb E 06-06 20:30:46  5393  5393 services.cpp:278] failed to connect to socket 'tcp:19001': Connection refused
adb E 06-06 20:30:46  5393  5393 services.cpp:278] failed to connect to socket 'tcp:19001': Connection refused
adb E 06-06 20:30:48  5393  5393 services.cpp:278] failed to connect to socket 'tcp:19001': Connection refused
adb E 06-06 20:30:48  5393  5393 services.cpp:278] failed to connect to socket 'tcp:19001': Connection refused
adb E 06-06 20:30:50  5393  5393 services.cpp:278] failed to connect to socket 'tcp:19001': Connection refused
adb E 06-06 20:30:50  5393  5393 services.cpp:278] failed to connect to socket 'tcp:19001': Connection refused
adb E 06-06 20:30:51  5393  5393 services.cpp:278] failed to connect to socket 'tcp:19001': Connection refused
adb E 06-06 20:30:52  5393  5393 services.cpp:278] failed to connect to socket 'tcp:19001': Connection refused
adb E 06-06 20:30:52  5393  5393 services.cpp:278] failed to connect to socket 'tcp:19001': Connection refused
adb E 06-06 20:30:54  5393  5393 services.cpp:278] failed to connect to socket 'tcp:19001': Connection refused
adb E 06-06 20:30:54  5393  5393 services.cpp:278] failed to connect to socket 'tcp:19001': Connection refused
adb E 06-06 20:30:56  5393  5393 services.cpp:278] failed to connect to socket 'tcp:19001': Connection refused
adb E 06-06 20:30:56  5393  5393 services.cpp:278] failed to connect to socket 'tcp:19001': Connection refused
adb E 06-06 20:30:56  5393  5393 services.cpp:278] failed to connect to socket 'tcp:19001': Connection refused
adb E 06-06 20:30:58  5393  5393 services.cpp:278] failed to connect to socket 'tcp:19001': Connection refused
adb E 06-06 20:30:58  5393  5393 services.cpp:278] failed to connect to socket 'tcp:19001': Connection refused
adb E 06-06 20:31:00  5393  5393 services.cpp:278] failed to connect to socket 'tcp:19001': Connection refused
adb E 06-06 20:31:00  5393  5393 services.cpp:278] failed to connect to socket 'tcp:19001': Connection refused
adb E 06-06 20:31:01  5393  5393 services.cpp:278] failed to connect to socket 'tcp:19001': Connection refused
adb E 06-06 20:31:02  5393  5393 services.cpp:278] failed to connect to socket 'tcp:19001': Connection refused
adb E 06-06 20:31:02  5393  5393 services.cpp:278] failed to connect to socket 'tcp:19001': Connection refused
adb E 06-06 20:31:04  5393  5393 services.cpp:278] failed to connect to socket 'tcp:19001': Connection refused
adb E 06-06 20:31:04  5393  5393 services.cpp:278] failed to connect to socket 'tcp:19001': Connection refused
adb E 06-06 20:31:06  5393  5393 services.cpp:278] failed to connect to socket 'tcp:19001': Connection refused
adb E 06-06 20:31:06  5393  5393 services.cpp:278] failed to connect to socket 'tcp:19001': Connection refused
adb E 06-06 20:31:06  5393  5393 services.cpp:278] failed to connect to socket 'tcp:19001': Connection refused
adb E 06-06 20:31:08  5393  5393 services.cpp:278] failed to connect to socket 'tcp:19001': Connection refused
adb E 06-06 20:31:08  5393  5393 services.cpp:278] failed to connect to socket 'tcp:19001': Connection refused
adb E 06-06 20:31:10  5393  5393 services.cpp:278] failed to connect to socket 'tcp:19001': Connection refused
adb E 06-06 20:31:10  5393  5393 services.cpp:278] failed to connect to socket 'tcp:19001': Connection refused
adb E 06-06 20:31:11  5393  5393 services.cpp:278] failed to connect to socket 'tcp:19001': Connection refused
adb E 06-06 20:31:12  5393  5393 services.cpp:278] failed to connect to socket 'tcp:19001': Connection refused
adb E 06-06 20:31:12  5393  5393 services.cpp:278] failed to connect to socket 'tcp:19001': Connection refused
adb E 06-06 20:31:14  5393  5393 services.cpp:278] failed to connect to socket 'tcp:19001': Connection refused
adb E 06-06 20:31:14  5393  5393 services.cpp:278] failed to connect to socket 'tcp:19001': Connection refused
adb E 06-06 20:31:16  5393  5393 services.cpp:278] failed to connect to socket 'tcp:19001': Connection refused
adb E 06-06 20:31:16  5393  5393 services.cpp:278] failed to connect to socket 'tcp:19001': Connection refused
adb E 06-06 20:31:16  5393  5393 services.cpp:278] failed to connect to socket 'tcp:19001': Connection refused
adb E 06-06 20:31:18  5393  5393 services.cpp:278] failed to connect to socket 'tcp:19001': Connection refused
adb E 06-06 20:31:18  5393  5393 services.cpp:278] failed to connect to socket 'tcp:19001': Connection refused
adb E 06-06 20:31:20  5393  5393 services.cpp:278] failed to connect to socket 'tcp:19001': Connection refused
adb E 06-06 20:31:20  5393  5393 services.cpp:278] failed to connect to socket 'tcp:19001': Connection refused
adb E 06-06 20:31:21  5393  5393 services.cpp:278] failed to connect to socket 'tcp:19001': Connection refused
adb E 06-06 20:31:22  5393  5393 services.cpp:278] failed to connect to socket 'tcp:19001': Connection refused
adb E 06-06 20:31:22  5393  5393 services.cpp:278] failed to connect to socket 'tcp:19001': Connection refused
adb E 06-06 20:31:24  5393  5393 services.cpp:278] failed to connect to socket 'tcp:19001': Connection refused
adb E 06-06 20:31:24  5393  5393 services.cpp:278] failed to connect to socket 'tcp:19001': Connection refused
adb E 06-06 20:31:26  5393  5393 services.cpp:278] failed to connect to socket 'tcp:19001': Connection refused
adb E 06-06 20:48:47  5393 19544 transport_usb.cpp:160] remote usb: 1 - write terminated: Invalid argument
--- adb starting (pid 5766) ---
adb I 06-07 18:18:14  5766  5766 main.cpp:57] Android Debug Bridge version 1.0.39
adb I 06-07 18:18:14  5766  5766 main.cpp:57] Version 0.0.1-4500957
adb I 06-07 18:18:14  5766  5766 main.cpp:57] Installed as /opt/Android/Sdk/platform-tools/adb
adb I 06-07 18:18:14  5766  5766 main.cpp:57] 
adb I 06-07 18:18:14  5766  5766 adb_auth_host.cpp:416] adb_auth_init...
adb I 06-07 18:18:14  5766  5766 adb_auth_host.cpp:174] read_key_file '/home/alberto/.android/adbkey'...
adb I 06-07 18:18:14  5766  5766 adb_auth_host.cpp:391] adb_auth_inotify_init...
adb I 06-07 18:18:14  5766  5766 adb_auth_host.cpp:467] Calling send_auth_response
adb E 06-07 19:04:05  5766  5771 transport_usb.cpp:160] remote usb: 1 - write terminated: Invalid argument
adb I 06-07 19:04:06  5766  5766 adb_auth_host.cpp:467] Calling send_auth_response
adb I 06-07 19:04:17  5766  5766 adb_auth_host.cpp:467] Calling send_auth_response
adb I 06-07 19:19:55  5766  5766 adb_auth_host.cpp:467] Calling send_auth_response
